<?xml version="1.0" encoding="utf-8"?><testsuite errors="0" failures="0" name="pytest" skips="1" tests="14" time="24.612"><testcase classname="test.consumer_integration_test.Test_Toolkit" file="test/consumer_integration_test.py" line="35" name="test_bitefyUnicodeCorrection" time="0.000857830047607"></testcase><testcase classname="test.consumer_integration_test.Test_Toolkit" file="test/consumer_integration_test.py" line="20" name="test_dateFormat" time="0.000524044036865"></testcase><testcase classname="test.consumer_integration_test.Test_Toolkit" file="test/consumer_integration_test.py" line="24" name="test_directoryScraping" time="0.00090765953064"></testcase><testcase classname="test.consumer_integration_test.Test_Toolkit" file="test/consumer_integration_test.py" line="42" name="test_launchConfig" time="0.000523090362549"></testcase><testcase classname="test.consumer_integration_test.Test_Toolkit" file="test/consumer_integration_test.py" line="58" name="test_text_preprocessing" time="0.0209419727325"></testcase><testcase classname="test.consumer_integration_test.Test_Instance" file="test/consumer_integration_test.py" line="112" name="test_adsb" time="4.16951394081"></testcase><testcase classname="test.consumer_integration_test.Test_Instance" file="../../../../../../../usr/lib/python2.7/unittest/case.py" line="59" name="test_directoryListing" time="0.000583648681641"><skipped message="skipping directoryListing as database is out dated need training." type="pytest.skip">../../../../../../../usr/lib/python2.7/unittest/case.py:59: &lt;py._xmlgen.raw object at 0x7f5ff5c9e5d0&gt;</skipped></testcase><testcase classname="test.consumer_integration_test.Test_Instance" file="test/consumer_integration_test.py" line="83" name="test_getinstance" time="0.0754880905151"></testcase><testcase classname="test.consumer_integration_test.Test_Instance" file="test/consumer_integration_test.py" line="127" name="test_vid" time="4.14777612686"></testcase><testcase classname="test.consumer_integration_test.Test_Telemetry" file="test/consumer_integration_test.py" line="172" name="test_instance_binding" time="2.06212615967"></testcase><testcase classname="test.consumer_integration_test.Test_Telemetry" file="test/consumer_integration_test.py" line="180" name="test_telemetry_subscription" time="0.341597318649"></testcase><testcase classname="test.consumer_integration_test.Test_Telemetry" file="test/consumer_integration_test.py" line="208" name="test_telemetry_unsubscription" time="9.68021225929"><system-out>


</system-out></testcase><testcase classname="test.consumer_integration_test.Test_Commanding" file="test/consumer_integration_test.py" line="266" name="test_get_commanding_info" time="2.86812925339"></testcase><testcase classname="test.consumer_integration_test.Test_Commanding" file="test/consumer_integration_test.py" line="277" name="test_get_commanding_post" time="1.14599227905"></testcase></testsuite>